<?xml version="1.0" encoding="UTF-8"?>
<coverage generated="1407813636286" clover="3.2.0">
	<project timestamp="1407813636286"  name="All Files" >
		<metrics statements="43"  coveredstatements="39"  conditionals="14"  coveredconditionals="7"  methods="5"  coveredmethods="5"  elements="62"  coveredelements="51"  complexity="0"  packages="1"  files="1"  classes="1"  loc="80"  ncloc="80" />
		<package name="lib" >
			<metrics statements="43"  coveredstatements="39"  conditionals="14"  coveredconditionals="7"  methods="5"  coveredmethods="5" />
			<file name="index.js"  path="C:\bamboo\SRC\CELLARISE-MDGDCR-JOB1\lib\index.js" >
				<metrics statements="43"  coveredstatements="39"  conditionals="14"  coveredconditionals="7"  methods="5"  coveredmethods="5" />
				<line num="3"  count="1"  type="stmt" />
				<line num="4"  count="1"  type="stmt" />
				<line num="5"  count="1"  type="stmt" />
				<line num="6"  count="1"  type="stmt" />
				<line num="7"  count="1"  type="stmt" />
				<line num="8"  count="1"  type="stmt" />
				<line num="10"  count="1"  type="stmt" />
				<line num="23"  count="1"  type="stmt" />
				<line num="24"  count="2"  type="cond"  truecount="1"  falsecount="1" />
				<line num="25"  count="2"  type="cond"  truecount="1"  falsecount="1" />
				<line num="29"  count="2"  type="stmt" />
				<line num="30"  count="2"  type="stmt" />
				<line num="32"  count="2"  type="stmt" />
				<line num="34"  count="2"  type="stmt" />
				<line num="35"  count="2"  type="stmt" />
				<line num="36"  count="2"  type="stmt" />
				<line num="37"  count="2"  type="stmt" />
				<line num="38"  count="2"  type="stmt" />
				<line num="40"  count="2"  type="stmt" />
				<line num="41"  count="2"  type="cond"  truecount="1"  falsecount="1" />
				<line num="42"  count="2"  type="stmt" />
				<line num="43"  count="21"  type="stmt" />
				<line num="46"  count="2"  type="stmt" />
				<line num="48"  count="2"  type="cond"  truecount="1"  falsecount="1" />
				<line num="49"  count="2"  type="stmt" />
				<line num="50"  count="2"  type="stmt" />
				<line num="51"  count="4"  type="stmt" />
				<line num="52"  count="4"  type="stmt" />
				<line num="53"  count="4"  type="stmt" />
				<line num="55"  count="4"  type="stmt" />
				<line num="58"  count="2"  type="stmt" />
				<line num="61"  count="2"  type="cond"  truecount="1"  falsecount="1" />
				<line num="62"  count="0"  type="stmt" />
				<line num="63"  count="0"  type="stmt" />
				<line num="66"  count="2"  type="cond"  truecount="1"  falsecount="1" />
				<line num="67"  count="0"  type="stmt" />
				<line num="70"  count="2"  type="cond"  truecount="1"  falsecount="1" />
				<line num="71"  count="2"  type="stmt" />
				<line num="72"  count="2"  type="stmt" />
				<line num="73"  count="2"  type="stmt" />
				<line num="75"  count="2"  type="stmt" />
				<line num="78"  count="0"  type="stmt" />
				<line num="80"  count="2"  type="stmt" />
			</file>
		</package>
	</project>
</coverage>
